{
  "stats": {
    "suites": 1,
    "tests": 1,
    "passes": 1,
    "pending": 0,
    "failures": 0,
    "start": "2025-10-01T15:47:31.002Z",
    "end": "2025-10-01T15:47:31.196Z",
    "duration": 194,
    "testsRegistered": 1,
    "passPercent": 100,
    "pendingPercent": 0,
    "other": 0,
    "hasOther": false,
    "skipped": 0,
    "hasSkipped": false
  },
  "results": [
    {
      "uuid": "137038fe-7259-4966-a184-5bd8a3778b6c",
      "title": "",
      "fullFile": "/Users/kyle/source/tech-tasks/chip-technical-task/src/tests/LatestEndpoint.test.ts",
      "file": "/src/tests/LatestEndpoint.test.ts",
      "beforeHooks": [],
      "afterHooks": [],
      "tests": [],
      "suites": [
        {
          "uuid": "2e5d99e9-7863-4669-83d0-e810f5a2d126",
          "title": "/Latest",
          "fullFile": "/Users/kyle/source/tech-tasks/chip-technical-task/src/tests/LatestEndpoint.test.ts",
          "file": "/src/tests/LatestEndpoint.test.ts",
          "beforeHooks": [],
          "afterHooks": [],
          "tests": [
            {
              "title": "should fetch latest rates with default base (EUR)",
              "fullTitle": "/Latest should fetch latest rates with default base (EUR)",
              "timedOut": false,
              "duration": 192,
              "state": "passed",
              "speed": "slow",
              "pass": true,
              "fail": false,
              "pending": false,
              "context": null,
              "code": "const res = await (0, ApiClient_1.default)(\"/latest\");\n(0, chai_1.expect)(res.status).to.equal(200);\n(0, chai_1.expect)(res.data.success).to.be.true;\n(0, chai_1.expect)(res.data).to.have.property(\"rates\");\n(0, chai_1.expect)(res.data).to.have.property(\"base\");\n(0, chai_1.expect)(res.data.base).to.equal(\"EUR\");",
              "err": {},
              "uuid": "03326c0e-f2ee-4aae-99d1-23831f7b3ad3",
              "parentUUID": "2e5d99e9-7863-4669-83d0-e810f5a2d126",
              "isHook": false,
              "skipped": false
            }
          ],
          "suites": [],
          "passes": [
            "03326c0e-f2ee-4aae-99d1-23831f7b3ad3"
          ],
          "failures": [],
          "pending": [],
          "skipped": [],
          "duration": 192,
          "root": false,
          "rootEmpty": false,
          "_timeout": 20000
        }
      ],
      "passes": [],
      "failures": [],
      "pending": [],
      "skipped": [],
      "duration": 0,
      "root": true,
      "rootEmpty": true,
      "_timeout": 20000
    }
  ],
  "meta": {
    "mocha": {
      "version": "11.7.3"
    },
    "mochawesome": {
      "options": {
        "quiet": false,
        "reportFilename": "report",
        "saveHtml": true,
        "saveJson": true,
        "consoleReporter": "spec",
        "useInlineDiffs": false,
        "code": true
      },
      "version": "7.1.4"
    },
    "marge": {
      "options": {
        "reportDir": "mochawesome-report",
        "reportFilename": "report"
      },
      "version": "6.3.0"
    }
  }
}